<?xml version="1.0" encoding="UTF-8"?>
<!-- Generated by org.testng.reporters.JUnitReportReporter -->
<testsuite skipped="0" hostname="DESKTOP-VU2BE3T" name="pom.checkvaliduser" tests="1" failures="0" timestamp="20 May 2017 16:29:47 GMT" time="56.909" errors="1">
  <testcase name="validuser" time="56.909" classname="pom.checkvaliduser">
    <error type="org.openqa.selenium.WebDriverException" message="Failed to connect to binary FirefoxBinary(C:\Program Files\Mozilla Firefox\firefox.exe) on port 7055; process output follows: 
a285-3208198ce6fd}.xpi&quot;,&quot;installDate&quot;:1492142093000,&quot;updateDate&quot;:1492142093000,&quot;applyBackgroundUpdates&quot;:1,&quot;skinnable&quot;:true,&quot;size&quot;:8201,&quot;sourceURI&quot;:null,&quot;releaseNotesURI&quot;:null,&quot;softDisabled&quot;:false,&quot;foreignInstall&quot;:false,&quot;hasBinaryComponents&quot;:false,&quot;strictCompatibility&quot;:true,&quot;locales&quot;:[],&quot;targetApplications&quot;:[{&quot;id&quot;:&quot;{ec8030f7-c20a-464f-9b0e-13a3a9e97384}&quot;,&quot;minVersion&quot;:&quot;53.0&quot;,&quot;maxVersion&quot;:&quot;53.0&quot;}],&quot;targetPlatforms&quot;:[],&quot;seen&quot;:true,&quot;dependencies&quot;:[],&quot;hasEmbeddedWebExtension&quot;:false,&quot;userPermissions&quot;:null}
1495297744190	addons.xpi	DEBUG	getModTime: Recursive scan of {972ce4c6-7e08-4474-a285-3208198ce6fd}
1495297744193	DeferredSave.extensions.json	DEBUG	Save changes
1495297744193	addons.xpi	DEBUG	Updating database with changes to installed add-ons
1495297744193	addons.xpi-utils	DEBUG	Updating add-on states
1495297744195	addons.xpi-utils	DEBUG	Writing add-ons list
1495297744209	addons.xpi	DEBUG	Registering manifest for C:\Program Files\Mozilla Firefox\browser\features\aushelper@mozilla.org.xpi
1495297744210	addons.xpi	DEBUG	Calling bootstrap method startup on aushelper@mozilla.org version 2.0
1495297744213	addons.xpi	DEBUG	Registering manifest for C:\Program Files\Mozilla Firefox\browser\features\e10srollout@mozilla.org.xpi
1495297744215	addons.xpi	DEBUG	Calling bootstrap method startup on e10srollout@mozilla.org version 1.14
1495297744216	addons.xpi	DEBUG	Registering manifest for C:\Program Files\Mozilla Firefox\browser\features\firefox@getpocket.com.xpi
1495297744218	addons.xpi	DEBUG	Calling bootstrap method startup on firefox@getpocket.com version 1.0.5
1495297744220	addons.xpi	DEBUG	Registering manifest for C:\Program Files\Mozilla Firefox\browser\features\webcompat@mozilla.org.xpi
1495297744233	addons.xpi	DEBUG	Calling bootstrap method startup on webcompat@mozilla.org version 1.0
1495297744239	addons.manager	DEBUG	Registering shutdown blocker for XPIProvider
1495297744240	addons.manager	DEBUG	Provider finished startup: XPIProvider
1495297744240	addons.manager	DEBUG	Starting provider: LightweightThemeManager
1495297744240	addons.manager	DEBUG	Registering shutdown blocker for LightweightThemeManager
1495297744240	addons.manager	DEBUG	Provider finished startup: LightweightThemeManager
1495297744241	addons.manager	DEBUG	Starting provider: GMPProvider
1495297744325	addons.manager	DEBUG	Registering shutdown blocker for GMPProvider
1495297744327	addons.manager	DEBUG	Provider finished startup: GMPProvider
1495297744327	addons.manager	DEBUG	Starting provider: PluginProvider
1495297744328	addons.manager	DEBUG	Registering shutdown blocker for PluginProvider
1495297744329	addons.manager	DEBUG	Provider finished startup: PluginProvider
1495297744331	addons.manager	DEBUG	Completed startup sequence
1495297748328	addons.manager	DEBUG	Starting provider: &lt;unnamed-provider&gt;
1495297748328	addons.manager	DEBUG	Registering shutdown blocker for &lt;unnamed-provider&gt;
1495297748329	addons.manager	DEBUG	Provider finished startup: &lt;unnamed-provider&gt;
1495297751109	DeferredSave.extensions.json	DEBUG	Write succeeded
1495297751109	addons.xpi-utils	DEBUG	XPI Database saved, setting schema version preference to 19
1495297751109	DeferredSave.extensions.json	DEBUG	Starting timer
1495297751135	DeferredSave.extensions.json	DEBUG	Starting write
1495297751206	addons.repository	DEBUG	No addons.json found.
1495297751207	DeferredSave.addons.json	DEBUG	Save changes
1495297751233	DeferredSave.addons.json	DEBUG	Starting timer
1495297751899	addons.manager	DEBUG	Starting provider: PreviousExperimentProvider
1495297751899	addons.manager	DEBUG	Registering shutdown blocker for PreviousExperimentProvider
1495297751900	addons.manager	DEBUG	Provider finished startup: PreviousExperimentProvider
1495297751909	DeferredSave.addons.json	DEBUG	Starting write
1495297751991	DeferredSave.extensions.json	DEBUG	Write succeeded
1495297752941	DeferredSave.addons.json	DEBUG	Write succeeded
[GPU 10108] WARNING: pipe error: 109: file c:/builds/moz2_slave/m-rel-w64-00000000000000000000/build/src/ipc/chromium/src/chrome/common/ipc_channel_win.cc, line 346

Build info: version: &#039;2.48.2&#039;, revision: &#039;41bccdd&#039;, time: &#039;2015-10-09 19:59:12&#039;
System info: host: &#039;DESKTOP-VU2BE3T&#039;, ip: &#039;192.168.0.2&#039;, os.name: &#039;Windows 10&#039;, os.arch: &#039;amd64&#039;, os.version: &#039;10.0&#039;, java.version: &#039;1.8.0_121&#039;
Driver info: driver.version: FirefoxDriver">
      <![CDATA[org.openqa.selenium.WebDriverException: Failed to connect to binary FirefoxBinary(C:\Program Files\Mozilla Firefox\firefox.exe) on port 7055; process output follows: 
a285-3208198ce6fd}.xpi","installDate":1492142093000,"updateDate":1492142093000,"applyBackgroundUpdates":1,"skinnable":true,"size":8201,"sourceURI":null,"releaseNotesURI":null,"softDisabled":false,"foreignInstall":false,"hasBinaryComponents":false,"strictCompatibility":true,"locales":[],"targetApplications":[{"id":"{ec8030f7-c20a-464f-9b0e-13a3a9e97384}","minVersion":"53.0","maxVersion":"53.0"}],"targetPlatforms":[],"seen":true,"dependencies":[],"hasEmbeddedWebExtension":false,"userPermissions":null}
1495297744190	addons.xpi	DEBUG	getModTime: Recursive scan of {972ce4c6-7e08-4474-a285-3208198ce6fd}
1495297744193	DeferredSave.extensions.json	DEBUG	Save changes
1495297744193	addons.xpi	DEBUG	Updating database with changes to installed add-ons
1495297744193	addons.xpi-utils	DEBUG	Updating add-on states
1495297744195	addons.xpi-utils	DEBUG	Writing add-ons list
1495297744209	addons.xpi	DEBUG	Registering manifest for C:\Program Files\Mozilla Firefox\browser\features\aushelper@mozilla.org.xpi
1495297744210	addons.xpi	DEBUG	Calling bootstrap method startup on aushelper@mozilla.org version 2.0
1495297744213	addons.xpi	DEBUG	Registering manifest for C:\Program Files\Mozilla Firefox\browser\features\e10srollout@mozilla.org.xpi
1495297744215	addons.xpi	DEBUG	Calling bootstrap method startup on e10srollout@mozilla.org version 1.14
1495297744216	addons.xpi	DEBUG	Registering manifest for C:\Program Files\Mozilla Firefox\browser\features\firefox@getpocket.com.xpi
1495297744218	addons.xpi	DEBUG	Calling bootstrap method startup on firefox@getpocket.com version 1.0.5
1495297744220	addons.xpi	DEBUG	Registering manifest for C:\Program Files\Mozilla Firefox\browser\features\webcompat@mozilla.org.xpi
1495297744233	addons.xpi	DEBUG	Calling bootstrap method startup on webcompat@mozilla.org version 1.0
1495297744239	addons.manager	DEBUG	Registering shutdown blocker for XPIProvider
1495297744240	addons.manager	DEBUG	Provider finished startup: XPIProvider
1495297744240	addons.manager	DEBUG	Starting provider: LightweightThemeManager
1495297744240	addons.manager	DEBUG	Registering shutdown blocker for LightweightThemeManager
1495297744240	addons.manager	DEBUG	Provider finished startup: LightweightThemeManager
1495297744241	addons.manager	DEBUG	Starting provider: GMPProvider
1495297744325	addons.manager	DEBUG	Registering shutdown blocker for GMPProvider
1495297744327	addons.manager	DEBUG	Provider finished startup: GMPProvider
1495297744327	addons.manager	DEBUG	Starting provider: PluginProvider
1495297744328	addons.manager	DEBUG	Registering shutdown blocker for PluginProvider
1495297744329	addons.manager	DEBUG	Provider finished startup: PluginProvider
1495297744331	addons.manager	DEBUG	Completed startup sequence
1495297748328	addons.manager	DEBUG	Starting provider: <unnamed-provider>
1495297748328	addons.manager	DEBUG	Registering shutdown blocker for <unnamed-provider>
1495297748329	addons.manager	DEBUG	Provider finished startup: <unnamed-provider>
1495297751109	DeferredSave.extensions.json	DEBUG	Write succeeded
1495297751109	addons.xpi-utils	DEBUG	XPI Database saved, setting schema version preference to 19
1495297751109	DeferredSave.extensions.json	DEBUG	Starting timer
1495297751135	DeferredSave.extensions.json	DEBUG	Starting write
1495297751206	addons.repository	DEBUG	No addons.json found.
1495297751207	DeferredSave.addons.json	DEBUG	Save changes
1495297751233	DeferredSave.addons.json	DEBUG	Starting timer
1495297751899	addons.manager	DEBUG	Starting provider: PreviousExperimentProvider
1495297751899	addons.manager	DEBUG	Registering shutdown blocker for PreviousExperimentProvider
1495297751900	addons.manager	DEBUG	Provider finished startup: PreviousExperimentProvider
1495297751909	DeferredSave.addons.json	DEBUG	Starting write
1495297751991	DeferredSave.extensions.json	DEBUG	Write succeeded
1495297752941	DeferredSave.addons.json	DEBUG	Write succeeded
[GPU 10108] WARNING: pipe error: 109: file c:/builds/moz2_slave/m-rel-w64-00000000000000000000/build/src/ipc/chromium/src/chrome/common/ipc_channel_win.cc, line 346

Build info: version: '2.48.2', revision: '41bccdd', time: '2015-10-09 19:59:12'
System info: host: 'DESKTOP-VU2BE3T', ip: '192.168.0.2', os.name: 'Windows 10', os.arch: 'amd64', os.version: '10.0', java.version: '1.8.0_121'
Driver info: driver.version: FirefoxDriver
	at org.openqa.selenium.firefox.internal.NewProfileExtensionConnection.start(NewProfileExtensionConnection.java:134)
	at org.openqa.selenium.firefox.FirefoxDriver.startClient(FirefoxDriver.java:271)
	at org.openqa.selenium.remote.RemoteWebDriver.<init>(RemoteWebDriver.java:117)
	at org.openqa.selenium.firefox.FirefoxDriver.<init>(FirefoxDriver.java:218)
	at org.openqa.selenium.firefox.FirefoxDriver.<init>(FirefoxDriver.java:211)
	at org.openqa.selenium.firefox.FirefoxDriver.<init>(FirefoxDriver.java:207)
	at org.openqa.selenium.firefox.FirefoxDriver.<init>(FirefoxDriver.java:120)
	at pom.checkvaliduser.validuser(checkvaliduser.java:16)
	at sun.reflect.NativeMethodAccessorImpl.invoke0(Native Method)
	at sun.reflect.NativeMethodAccessorImpl.invoke(Unknown Source)
	at sun.reflect.DelegatingMethodAccessorImpl.invoke(Unknown Source)
	at java.lang.reflect.Method.invoke(Unknown Source)
	at org.testng.internal.MethodInvocationHelper.invokeMethod(MethodInvocationHelper.java:108)
	at org.testng.internal.Invoker.invokeMethod(Invoker.java:661)
	at org.testng.internal.Invoker.invokeTestMethod(Invoker.java:869)
	at org.testng.internal.Invoker.invokeTestMethods(Invoker.java:1193)
	at org.testng.internal.TestMethodWorker.invokeTestMethods(TestMethodWorker.java:126)
	at org.testng.internal.TestMethodWorker.run(TestMethodWorker.java:109)
	at org.testng.TestRunner.privateRun(TestRunner.java:744)
	at org.testng.TestRunner.run(TestRunner.java:602)
	at org.testng.SuiteRunner.runTest(SuiteRunner.java:380)
	at org.testng.SuiteRunner.runSequentially(SuiteRunner.java:375)
	at org.testng.SuiteRunner.privateRun(SuiteRunner.java:340)
	at org.testng.SuiteRunner.run(SuiteRunner.java:289)
	at org.testng.SuiteRunnerWorker.runSuite(SuiteRunnerWorker.java:52)
	at org.testng.SuiteRunnerWorker.run(SuiteRunnerWorker.java:86)
	at org.testng.TestNG.runSuitesSequentially(TestNG.java:1301)
	at org.testng.TestNG.runSuitesLocally(TestNG.java:1226)
	at org.testng.TestNG.runSuites(TestNG.java:1144)
	at org.testng.TestNG.run(TestNG.java:1115)
	at org.testng.remote.AbstractRemoteTestNG.run(AbstractRemoteTestNG.java:132)
	at org.testng.remote.RemoteTestNG.initAndRun(RemoteTestNG.java:230)
	at org.testng.remote.RemoteTestNG.main(RemoteTestNG.java:76)
Caused by: org.openqa.selenium.firefox.NotConnectedException: Unable to connect to host 127.0.0.1 on port 7055 after 45000 ms. Firefox console output:
a285-3208198ce6fd}.xpi","installDate":1492142093000,"updateDate":1492142093000,"applyBackgroundUpdates":1,"skinnable":true,"size":8201,"sourceURI":null,"releaseNotesURI":null,"softDisabled":false,"foreignInstall":false,"hasBinaryComponents":false,"strictCompatibility":true,"locales":[],"targetApplications":[{"id":"{ec8030f7-c20a-464f-9b0e-13a3a9e97384}","minVersion":"53.0","maxVersion":"53.0"}],"targetPlatforms":[],"seen":true,"dependencies":[],"hasEmbeddedWebExtension":false,"userPermissions":null}
1495297744190	addons.xpi	DEBUG	getModTime: Recursive scan of {972ce4c6-7e08-4474-a285-3208198ce6fd}
1495297744193	DeferredSave.extensions.json	DEBUG	Save changes
1495297744193	addons.xpi	DEBUG	Updating database with changes to installed add-ons
1495297744193	addons.xpi-utils	DEBUG	Updating add-on states
1495297744195	addons.xpi-utils	DEBUG	Writing add-ons list
1495297744209	addons.xpi	DEBUG	Registering manifest for C:\Program Files\Mozilla Firefox\browser\features\aushelper@mozilla.org.xpi
1495297744210	addons.xpi	DEBUG	Calling bootstrap method startup on aushelper@mozilla.org version 2.0
1495297744213	addons.xpi	DEBUG	Registering manifest for C:\Program Files\Mozilla Firefox\browser\features\e10srollout@mozilla.org.xpi
1495297744215	addons.xpi	DEBUG	Calling bootstrap method startup on e10srollout@mozilla.org version 1.14
1495297744216	addons.xpi	DEBUG	Registering manifest for C:\Program Files\Mozilla Firefox\browser\features\firefox@getpocket.com.xpi
1495297744218	addons.xpi	DEBUG	Calling bootstrap method startup on firefox@getpocket.com version 1.0.5
1495297744220	addons.xpi	DEBUG	Registering manifest for C:\Program Files\Mozilla Firefox\browser\features\webcompat@mozilla.org.xpi
1495297744233	addons.xpi	DEBUG	Calling bootstrap method startup on webcompat@mozilla.org version 1.0
1495297744239	addons.manager	DEBUG	Registering shutdown blocker for XPIProvider
1495297744240	addons.manager	DEBUG	Provider finished startup: XPIProvider
1495297744240	addons.manager	DEBUG	Starting provider: LightweightThemeManager
1495297744240	addons.manager	DEBUG	Registering shutdown blocker for LightweightThemeManager
1495297744240	addons.manager	DEBUG	Provider finished startup: LightweightThemeManager
1495297744241	addons.manager	DEBUG	Starting provider: GMPProvider
1495297744325	addons.manager	DEBUG	Registering shutdown blocker for GMPProvider
1495297744327	addons.manager	DEBUG	Provider finished startup: GMPProvider
1495297744327	addons.manager	DEBUG	Starting provider: PluginProvider
1495297744328	addons.manager	DEBUG	Registering shutdown blocker for PluginProvider
1495297744329	addons.manager	DEBUG	Provider finished startup: PluginProvider
1495297744331	addons.manager	DEBUG	Completed startup sequence
1495297748328	addons.manager	DEBUG	Starting provider: <unnamed-provider>
1495297748328	addons.manager	DEBUG	Registering shutdown blocker for <unnamed-provider>
1495297748329	addons.manager	DEBUG	Provider finished startup: <unnamed-provider>
1495297751109	DeferredSave.extensions.json	DEBUG	Write succeeded
1495297751109	addons.xpi-utils	DEBUG	XPI Database saved, setting schema version preference to 19
1495297751109	DeferredSave.extensions.json	DEBUG	Starting timer
1495297751135	DeferredSave.extensions.json	DEBUG	Starting write
1495297751206	addons.repository	DEBUG	No addons.json found.
1495297751207	DeferredSave.addons.json	DEBUG	Save changes
1495297751233	DeferredSave.addons.json	DEBUG	Starting timer
1495297751899	addons.manager	DEBUG	Starting provider: PreviousExperimentProvider
1495297751899	addons.manager	DEBUG	Registering shutdown blocker for PreviousExperimentProvider
1495297751900	addons.manager	DEBUG	Provider finished startup: PreviousExperimentProvider
1495297751909	DeferredSave.addons.json	DEBUG	Starting write
1495297751991	DeferredSave.extensions.json	DEBUG	Write succeeded
1495297752941	DeferredSave.addons.json	DEBUG	Write succeeded
[GPU 10108] WARNING: pipe error: 109: file c:/builds/moz2_slave/m-rel-w64-00000000000000000000/build/src/ipc/chromium/src/chrome/common/ipc_channel_win.cc, line 346

	at org.openqa.selenium.firefox.internal.NewProfileExtensionConnection.start(NewProfileExtensionConnection.java:122)
	... 32 more
]]>
    </error>
  </testcase> <!-- validuser -->
</testsuite> <!-- pom.checkvaliduser -->
