<?xml version="1.0" encoding="UTF-8"?>
<!-- Generated by org.testng.reporters.JUnitReportReporter -->
<testsuite skipped="0" hostname="DESKTOP-VU2BE3T" name="testngprogrames.amazon" tests="1" failures="0" timestamp="13 Apr 2017 14:44:10 GMT" time="50.932" errors="1">
  <testcase name="openbrowser" time="50.932" classname="testngprogrames.amazon">
    <error type="org.openqa.selenium.WebDriverException" message="Failed to connect to binary FirefoxBinary(C:\Program Files (x86)\Mozilla Firefox\firefox.exe) on port 7055; process output follows: 
ecode.com
1492094605177	addons.xpi	DEBUG	New add-on {972ce4c6-7e08-4474-a285-3208198ce6fd} installed in app-global
1492094605221	DeferredSave.extensions.json	DEBUG	Starting timer
1492094605222	addons.xpi-utils	DEBUG	Make addon app-global:{972ce4c6-7e08-4474-a285-3208198ce6fd} visible
1492094605222	DeferredSave.extensions.json	DEBUG	Save changes
1492094605222	DeferredSave.extensions.json	DEBUG	Save changes
1492094605223	addons.xpi	DEBUG	Updating XPIState for {&quot;id&quot;:&quot;{972ce4c6-7e08-4474-a285-3208198ce6fd}&quot;,&quot;syncGUID&quot;:&quot;1UcZS1k7jd0w&quot;,&quot;location&quot;:&quot;app-global&quot;,&quot;version&quot;:&quot;40.0&quot;,&quot;type&quot;:&quot;theme&quot;,&quot;internalName&quot;:&quot;classic/1.0&quot;,&quot;updateURL&quot;:null,&quot;updateKey&quot;:null,&quot;optionsURL&quot;:null,&quot;optionsType&quot;:null,&quot;aboutURL&quot;:null,&quot;iconURL&quot;:null,&quot;icon64URL&quot;:null,&quot;defaultLocale&quot;:{&quot;name&quot;:&quot;Default&quot;,&quot;description&quot;:&quot;The default theme.&quot;,&quot;creator&quot;:&quot;Mozilla&quot;,&quot;homepageURL&quot;:null,&quot;contributors&quot;:[&quot;Mozilla Contributors&quot;]},&quot;visible&quot;:true,&quot;active&quot;:true,&quot;userDisabled&quot;:false,&quot;appDisabled&quot;:false,&quot;descriptor&quot;:&quot;C:\\Program Files (x86)\\Mozilla Firefox\\browser\\extensions\\{972ce4c6-7e08-4474-a285-3208198ce6fd}&quot;,&quot;installDate&quot;:1492093697221,&quot;updateDate&quot;:1492093697221,&quot;applyBackgroundUpdates&quot;:1,&quot;skinnable&quot;:true,&quot;size&quot;:23187,&quot;sourceURI&quot;:null,&quot;releaseNotesURI&quot;:null,&quot;softDisabled&quot;:false,&quot;foreignInstall&quot;:false,&quot;hasBinaryComponents&quot;:false,&quot;strictCompatibility&quot;:true,&quot;locales&quot;:[],&quot;targetApplications&quot;:[{&quot;id&quot;:&quot;{ec8030f7-c20a-464f-9b0e-13a3a9e97384}&quot;,&quot;minVersion&quot;:&quot;40.0&quot;,&quot;maxVersion&quot;:&quot;40.0&quot;}],&quot;targetPlatforms&quot;:[]}
1492094605223	addons.xpi	DEBUG	getModTime: Recursive scan of {972ce4c6-7e08-4474-a285-3208198ce6fd}
1492094605225	addons.xpi	DEBUG	Updating database with changes to installed add-ons
1492094605225	addons.xpi-utils	DEBUG	Updating add-on states
1492094605226	addons.xpi-utils	DEBUG	Writing add-ons list
1492094605247	addons.manager	DEBUG	Registering shutdown blocker for XPIProvider
1492094605247	addons.manager	DEBUG	Provider finished startup: XPIProvider
1492094605248	addons.manager	DEBUG	Starting provider: LightweightThemeManager
1492094605248	addons.manager	DEBUG	Registering shutdown blocker for LightweightThemeManager
1492094605248	addons.manager	DEBUG	Provider finished startup: LightweightThemeManager
1492094605249	addons.manager	DEBUG	Starting provider: GMPProvider
1492094605258	addons.manager	DEBUG	Registering shutdown blocker for GMPProvider
1492094605258	addons.manager	DEBUG	Provider finished startup: GMPProvider
1492094605259	addons.manager	DEBUG	Starting provider: PluginProvider
1492094605259	addons.manager	DEBUG	Registering shutdown blocker for PluginProvider
1492094605260	addons.manager	DEBUG	Provider finished startup: PluginProvider
1492094605260	addons.manager	DEBUG	Completed startup sequence
1492094606285	addons.manager	DEBUG	Starting provider: &lt;unnamed-provider&gt;
1492094606285	addons.manager	DEBUG	Registering shutdown blocker for &lt;unnamed-provider&gt;
1492094606286	addons.manager	DEBUG	Provider finished startup: &lt;unnamed-provider&gt;
1492094606937	DeferredSave.extensions.json	DEBUG	Starting write
1492094607141	addons.repository	DEBUG	No addons.json found.
1492094607142	DeferredSave.addons.json	DEBUG	Save changes
1492094607152	DeferredSave.addons.json	DEBUG	Starting timer
1492094607212	addons.manager	DEBUG	Starting provider: PreviousExperimentProvider
1492094607213	addons.manager	DEBUG	Registering shutdown blocker for PreviousExperimentProvider
1492094607216	addons.manager	DEBUG	Provider finished startup: PreviousExperimentProvider
1492094607244	DeferredSave.extensions.json	DEBUG	Write succeeded
1492094607247	addons.xpi-utils	DEBUG	XPI Database saved, setting schema version preference to 17
1492094607248	DeferredSave.addons.json	DEBUG	Starting write
1492094607616	DeferredSave.addons.json	DEBUG	Write succeeded
JavaScript error: , line 0: uncaught exception: [object Object]
JavaScript error: chrome://fxdriver/content/server.js, line 61: NS_ERROR_XPC_CI_RETURNED_FAILURE: Component returned failure code: 0x80570015 (NS_ERROR_XPC_CI_RETURNED_FAILURE) [nsIJSCID.createInstance]
JavaScript error: , line 0: uncaught exception: [object Object]

Build info: version: &#039;2.48.2&#039;, revision: &#039;41bccdd&#039;, time: &#039;2015-10-09 19:59:12&#039;
System info: host: &#039;DESKTOP-VU2BE3T&#039;, ip: &#039;192.168.1.11&#039;, os.name: &#039;Windows 10&#039;, os.arch: &#039;amd64&#039;, os.version: &#039;10.0&#039;, java.version: &#039;1.8.0_121&#039;
Driver info: driver.version: FirefoxDriver">
      <![CDATA[org.openqa.selenium.WebDriverException: Failed to connect to binary FirefoxBinary(C:\Program Files (x86)\Mozilla Firefox\firefox.exe) on port 7055; process output follows: 
ecode.com
1492094605177	addons.xpi	DEBUG	New add-on {972ce4c6-7e08-4474-a285-3208198ce6fd} installed in app-global
1492094605221	DeferredSave.extensions.json	DEBUG	Starting timer
1492094605222	addons.xpi-utils	DEBUG	Make addon app-global:{972ce4c6-7e08-4474-a285-3208198ce6fd} visible
1492094605222	DeferredSave.extensions.json	DEBUG	Save changes
1492094605222	DeferredSave.extensions.json	DEBUG	Save changes
1492094605223	addons.xpi	DEBUG	Updating XPIState for {"id":"{972ce4c6-7e08-4474-a285-3208198ce6fd}","syncGUID":"1UcZS1k7jd0w","location":"app-global","version":"40.0","type":"theme","internalName":"classic/1.0","updateURL":null,"updateKey":null,"optionsURL":null,"optionsType":null,"aboutURL":null,"iconURL":null,"icon64URL":null,"defaultLocale":{"name":"Default","description":"The default theme.","creator":"Mozilla","homepageURL":null,"contributors":["Mozilla Contributors"]},"visible":true,"active":true,"userDisabled":false,"appDisabled":false,"descriptor":"C:\\Program Files (x86)\\Mozilla Firefox\\browser\\extensions\\{972ce4c6-7e08-4474-a285-3208198ce6fd}","installDate":1492093697221,"updateDate":1492093697221,"applyBackgroundUpdates":1,"skinnable":true,"size":23187,"sourceURI":null,"releaseNotesURI":null,"softDisabled":false,"foreignInstall":false,"hasBinaryComponents":false,"strictCompatibility":true,"locales":[],"targetApplications":[{"id":"{ec8030f7-c20a-464f-9b0e-13a3a9e97384}","minVersion":"40.0","maxVersion":"40.0"}],"targetPlatforms":[]}
1492094605223	addons.xpi	DEBUG	getModTime: Recursive scan of {972ce4c6-7e08-4474-a285-3208198ce6fd}
1492094605225	addons.xpi	DEBUG	Updating database with changes to installed add-ons
1492094605225	addons.xpi-utils	DEBUG	Updating add-on states
1492094605226	addons.xpi-utils	DEBUG	Writing add-ons list
1492094605247	addons.manager	DEBUG	Registering shutdown blocker for XPIProvider
1492094605247	addons.manager	DEBUG	Provider finished startup: XPIProvider
1492094605248	addons.manager	DEBUG	Starting provider: LightweightThemeManager
1492094605248	addons.manager	DEBUG	Registering shutdown blocker for LightweightThemeManager
1492094605248	addons.manager	DEBUG	Provider finished startup: LightweightThemeManager
1492094605249	addons.manager	DEBUG	Starting provider: GMPProvider
1492094605258	addons.manager	DEBUG	Registering shutdown blocker for GMPProvider
1492094605258	addons.manager	DEBUG	Provider finished startup: GMPProvider
1492094605259	addons.manager	DEBUG	Starting provider: PluginProvider
1492094605259	addons.manager	DEBUG	Registering shutdown blocker for PluginProvider
1492094605260	addons.manager	DEBUG	Provider finished startup: PluginProvider
1492094605260	addons.manager	DEBUG	Completed startup sequence
1492094606285	addons.manager	DEBUG	Starting provider: <unnamed-provider>
1492094606285	addons.manager	DEBUG	Registering shutdown blocker for <unnamed-provider>
1492094606286	addons.manager	DEBUG	Provider finished startup: <unnamed-provider>
1492094606937	DeferredSave.extensions.json	DEBUG	Starting write
1492094607141	addons.repository	DEBUG	No addons.json found.
1492094607142	DeferredSave.addons.json	DEBUG	Save changes
1492094607152	DeferredSave.addons.json	DEBUG	Starting timer
1492094607212	addons.manager	DEBUG	Starting provider: PreviousExperimentProvider
1492094607213	addons.manager	DEBUG	Registering shutdown blocker for PreviousExperimentProvider
1492094607216	addons.manager	DEBUG	Provider finished startup: PreviousExperimentProvider
1492094607244	DeferredSave.extensions.json	DEBUG	Write succeeded
1492094607247	addons.xpi-utils	DEBUG	XPI Database saved, setting schema version preference to 17
1492094607248	DeferredSave.addons.json	DEBUG	Starting write
1492094607616	DeferredSave.addons.json	DEBUG	Write succeeded
JavaScript error: , line 0: uncaught exception: [object Object]
JavaScript error: chrome://fxdriver/content/server.js, line 61: NS_ERROR_XPC_CI_RETURNED_FAILURE: Component returned failure code: 0x80570015 (NS_ERROR_XPC_CI_RETURNED_FAILURE) [nsIJSCID.createInstance]
JavaScript error: , line 0: uncaught exception: [object Object]

Build info: version: '2.48.2', revision: '41bccdd', time: '2015-10-09 19:59:12'
System info: host: 'DESKTOP-VU2BE3T', ip: '192.168.1.11', os.name: 'Windows 10', os.arch: 'amd64', os.version: '10.0', java.version: '1.8.0_121'
Driver info: driver.version: FirefoxDriver
	at org.openqa.selenium.firefox.internal.NewProfileExtensionConnection.start(NewProfileExtensionConnection.java:134)
	at org.openqa.selenium.firefox.FirefoxDriver.startClient(FirefoxDriver.java:271)
	at org.openqa.selenium.remote.RemoteWebDriver.<init>(RemoteWebDriver.java:117)
	at org.openqa.selenium.firefox.FirefoxDriver.<init>(FirefoxDriver.java:218)
	at org.openqa.selenium.firefox.FirefoxDriver.<init>(FirefoxDriver.java:211)
	at org.openqa.selenium.firefox.FirefoxDriver.<init>(FirefoxDriver.java:207)
	at org.openqa.selenium.firefox.FirefoxDriver.<init>(FirefoxDriver.java:120)
	at testngprogrames.amazon.openbrowser(amazon.java:11)
	at sun.reflect.NativeMethodAccessorImpl.invoke0(Native Method)
	at sun.reflect.NativeMethodAccessorImpl.invoke(Unknown Source)
	at sun.reflect.DelegatingMethodAccessorImpl.invoke(Unknown Source)
	at java.lang.reflect.Method.invoke(Unknown Source)
	at org.testng.internal.MethodInvocationHelper.invokeMethod(MethodInvocationHelper.java:108)
	at org.testng.internal.Invoker.invokeMethod(Invoker.java:661)
	at org.testng.internal.Invoker.invokeTestMethod(Invoker.java:869)
	at org.testng.internal.Invoker.invokeTestMethods(Invoker.java:1193)
	at org.testng.internal.TestMethodWorker.invokeTestMethods(TestMethodWorker.java:126)
	at org.testng.internal.TestMethodWorker.run(TestMethodWorker.java:109)
	at org.testng.TestRunner.privateRun(TestRunner.java:744)
	at org.testng.TestRunner.run(TestRunner.java:602)
	at org.testng.SuiteRunner.runTest(SuiteRunner.java:380)
	at org.testng.SuiteRunner.runSequentially(SuiteRunner.java:375)
	at org.testng.SuiteRunner.privateRun(SuiteRunner.java:340)
	at org.testng.SuiteRunner.run(SuiteRunner.java:289)
	at org.testng.SuiteRunnerWorker.runSuite(SuiteRunnerWorker.java:52)
	at org.testng.SuiteRunnerWorker.run(SuiteRunnerWorker.java:86)
	at org.testng.TestNG.runSuitesSequentially(TestNG.java:1301)
	at org.testng.TestNG.runSuitesLocally(TestNG.java:1226)
	at org.testng.TestNG.runSuites(TestNG.java:1144)
	at org.testng.TestNG.run(TestNG.java:1115)
	at org.testng.remote.AbstractRemoteTestNG.run(AbstractRemoteTestNG.java:132)
	at org.testng.remote.RemoteTestNG.initAndRun(RemoteTestNG.java:230)
	at org.testng.remote.RemoteTestNG.main(RemoteTestNG.java:76)
Caused by: org.openqa.selenium.firefox.NotConnectedException: Unable to connect to host 127.0.0.1 on port 7055 after 45000 ms. Firefox console output:
ecode.com
1492094605177	addons.xpi	DEBUG	New add-on {972ce4c6-7e08-4474-a285-3208198ce6fd} installed in app-global
1492094605221	DeferredSave.extensions.json	DEBUG	Starting timer
1492094605222	addons.xpi-utils	DEBUG	Make addon app-global:{972ce4c6-7e08-4474-a285-3208198ce6fd} visible
1492094605222	DeferredSave.extensions.json	DEBUG	Save changes
1492094605222	DeferredSave.extensions.json	DEBUG	Save changes
1492094605223	addons.xpi	DEBUG	Updating XPIState for {"id":"{972ce4c6-7e08-4474-a285-3208198ce6fd}","syncGUID":"1UcZS1k7jd0w","location":"app-global","version":"40.0","type":"theme","internalName":"classic/1.0","updateURL":null,"updateKey":null,"optionsURL":null,"optionsType":null,"aboutURL":null,"iconURL":null,"icon64URL":null,"defaultLocale":{"name":"Default","description":"The default theme.","creator":"Mozilla","homepageURL":null,"contributors":["Mozilla Contributors"]},"visible":true,"active":true,"userDisabled":false,"appDisabled":false,"descriptor":"C:\\Program Files (x86)\\Mozilla Firefox\\browser\\extensions\\{972ce4c6-7e08-4474-a285-3208198ce6fd}","installDate":1492093697221,"updateDate":1492093697221,"applyBackgroundUpdates":1,"skinnable":true,"size":23187,"sourceURI":null,"releaseNotesURI":null,"softDisabled":false,"foreignInstall":false,"hasBinaryComponents":false,"strictCompatibility":true,"locales":[],"targetApplications":[{"id":"{ec8030f7-c20a-464f-9b0e-13a3a9e97384}","minVersion":"40.0","maxVersion":"40.0"}],"targetPlatforms":[]}
1492094605223	addons.xpi	DEBUG	getModTime: Recursive scan of {972ce4c6-7e08-4474-a285-3208198ce6fd}
1492094605225	addons.xpi	DEBUG	Updating database with changes to installed add-ons
1492094605225	addons.xpi-utils	DEBUG	Updating add-on states
1492094605226	addons.xpi-utils	DEBUG	Writing add-ons list
1492094605247	addons.manager	DEBUG	Registering shutdown blocker for XPIProvider
1492094605247	addons.manager	DEBUG	Provider finished startup: XPIProvider
1492094605248	addons.manager	DEBUG	Starting provider: LightweightThemeManager
1492094605248	addons.manager	DEBUG	Registering shutdown blocker for LightweightThemeManager
1492094605248	addons.manager	DEBUG	Provider finished startup: LightweightThemeManager
1492094605249	addons.manager	DEBUG	Starting provider: GMPProvider
1492094605258	addons.manager	DEBUG	Registering shutdown blocker for GMPProvider
1492094605258	addons.manager	DEBUG	Provider finished startup: GMPProvider
1492094605259	addons.manager	DEBUG	Starting provider: PluginProvider
1492094605259	addons.manager	DEBUG	Registering shutdown blocker for PluginProvider
1492094605260	addons.manager	DEBUG	Provider finished startup: PluginProvider
1492094605260	addons.manager	DEBUG	Completed startup sequence
1492094606285	addons.manager	DEBUG	Starting provider: <unnamed-provider>
1492094606285	addons.manager	DEBUG	Registering shutdown blocker for <unnamed-provider>
1492094606286	addons.manager	DEBUG	Provider finished startup: <unnamed-provider>
1492094606937	DeferredSave.extensions.json	DEBUG	Starting write
1492094607141	addons.repository	DEBUG	No addons.json found.
1492094607142	DeferredSave.addons.json	DEBUG	Save changes
1492094607152	DeferredSave.addons.json	DEBUG	Starting timer
1492094607212	addons.manager	DEBUG	Starting provider: PreviousExperimentProvider
1492094607213	addons.manager	DEBUG	Registering shutdown blocker for PreviousExperimentProvider
1492094607216	addons.manager	DEBUG	Provider finished startup: PreviousExperimentProvider
1492094607244	DeferredSave.extensions.json	DEBUG	Write succeeded
1492094607247	addons.xpi-utils	DEBUG	XPI Database saved, setting schema version preference to 17
1492094607248	DeferredSave.addons.json	DEBUG	Starting write
1492094607616	DeferredSave.addons.json	DEBUG	Write succeeded
JavaScript error: , line 0: uncaught exception: [object Object]
JavaScript error: chrome://fxdriver/content/server.js, line 61: NS_ERROR_XPC_CI_RETURNED_FAILURE: Component returned failure code: 0x80570015 (NS_ERROR_XPC_CI_RETURNED_FAILURE) [nsIJSCID.createInstance]
JavaScript error: , line 0: uncaught exception: [object Object]

	at org.openqa.selenium.firefox.internal.NewProfileExtensionConnection.start(NewProfileExtensionConnection.java:122)
	... 32 more
]]>
    </error>
  </testcase> <!-- openbrowser -->
</testsuite> <!-- testngprogrames.amazon -->
