<?xml version="1.0" encoding="UTF-8"?>
<!-- Generated by org.testng.reporters.JUnitReportReporter -->
<testsuite hostname="hp" name="testngprogrames.pageobjectscript" tests="1" failures="0" timestamp="30 Mar 2017 14:44:23 GMT" time="43.358" errors="0">
  <testcase name="loginprogram" time="43.358" classname="testngprogrames.pageobjectscript"/>
</testsuite> <!-- testngprogrames.pageobjectscript -->
