<?xml version="1.0" encoding="UTF-8"?>
<!-- Generated by org.testng.reporters.JUnitReportReporter -->
<testsuite skipped="1" hostname="DESKTOP-VU2BE3T" name="testngprogrames.mouseoperations" tests="2" failures="0" timestamp="25 Apr 2017 09:26:20 GMT" time="51.162" errors="1">
  <testcase name="move" time="0.011" classname="testngprogrames.mouseoperations">
    <skipped/>
  </testcase> <!-- move -->
  <testcase name="openbrowser" time="51.151" classname="testngprogrames.mouseoperations">
    <error type="org.openqa.selenium.WebDriverException" message="Failed to connect to binary FirefoxBinary(C:\Program Files\Mozilla Firefox\firefox.exe) on port 7055; process output follows: 
4-a285-3208198ce6fd}.xpi&quot;,&quot;installDate&quot;:1492142093000,&quot;updateDate&quot;:1492142093000,&quot;applyBackgroundUpdates&quot;:1,&quot;skinnable&quot;:true,&quot;size&quot;:8201,&quot;sourceURI&quot;:null,&quot;releaseNotesURI&quot;:null,&quot;softDisabled&quot;:false,&quot;foreignInstall&quot;:false,&quot;hasBinaryComponents&quot;:false,&quot;strictCompatibility&quot;:true,&quot;locales&quot;:[],&quot;targetApplications&quot;:[{&quot;id&quot;:&quot;{ec8030f7-c20a-464f-9b0e-13a3a9e97384}&quot;,&quot;minVersion&quot;:&quot;53.0&quot;,&quot;maxVersion&quot;:&quot;53.0&quot;}],&quot;targetPlatforms&quot;:[],&quot;seen&quot;:true,&quot;dependencies&quot;:[],&quot;hasEmbeddedWebExtension&quot;:false,&quot;userPermissions&quot;:null}
1493112334788	addons.xpi	DEBUG	getModTime: Recursive scan of {972ce4c6-7e08-4474-a285-3208198ce6fd}
1493112334792	DeferredSave.extensions.json	DEBUG	Save changes
1493112334792	addons.xpi	DEBUG	Updating database with changes to installed add-ons
1493112334792	addons.xpi-utils	DEBUG	Updating add-on states
1493112334795	addons.xpi-utils	DEBUG	Writing add-ons list
1493112334810	addons.xpi	DEBUG	Registering manifest for C:\Program Files\Mozilla Firefox\browser\features\aushelper@mozilla.org.xpi
1493112334811	addons.xpi	DEBUG	Calling bootstrap method startup on aushelper@mozilla.org version 2.0
1493112334815	addons.xpi	DEBUG	Registering manifest for C:\Program Files\Mozilla Firefox\browser\features\e10srollout@mozilla.org.xpi
1493112334817	addons.xpi	DEBUG	Calling bootstrap method startup on e10srollout@mozilla.org version 1.14
1493112334819	addons.xpi	DEBUG	Registering manifest for C:\Program Files\Mozilla Firefox\browser\features\firefox@getpocket.com.xpi
1493112334820	addons.xpi	DEBUG	Calling bootstrap method startup on firefox@getpocket.com version 1.0.5
1493112334823	addons.xpi	DEBUG	Registering manifest for C:\Program Files\Mozilla Firefox\browser\features\webcompat@mozilla.org.xpi
1493112334826	addons.xpi	DEBUG	Calling bootstrap method startup on webcompat@mozilla.org version 1.0
1493112334832	addons.manager	DEBUG	Registering shutdown blocker for XPIProvider
1493112334833	addons.manager	DEBUG	Provider finished startup: XPIProvider
1493112334833	addons.manager	DEBUG	Starting provider: LightweightThemeManager
1493112334833	addons.manager	DEBUG	Registering shutdown blocker for LightweightThemeManager
1493112334834	addons.manager	DEBUG	Provider finished startup: LightweightThemeManager
1493112334835	addons.manager	DEBUG	Starting provider: GMPProvider
1493112334844	addons.manager	DEBUG	Registering shutdown blocker for GMPProvider
1493112334845	addons.manager	DEBUG	Provider finished startup: GMPProvider
1493112334845	addons.manager	DEBUG	Starting provider: PluginProvider
1493112334845	addons.manager	DEBUG	Registering shutdown blocker for PluginProvider
1493112334846	addons.manager	DEBUG	Provider finished startup: PluginProvider
1493112334847	addons.manager	DEBUG	Completed startup sequence
1493112337528	addons.manager	DEBUG	Starting provider: &lt;unnamed-provider&gt;
1493112337529	addons.manager	DEBUG	Registering shutdown blocker for &lt;unnamed-provider&gt;
1493112337531	addons.manager	DEBUG	Provider finished startup: &lt;unnamed-provider&gt;
1493112337951	DeferredSave.extensions.json	DEBUG	Write succeeded
1493112337951	addons.xpi-utils	DEBUG	XPI Database saved, setting schema version preference to 19
1493112337952	DeferredSave.extensions.json	DEBUG	Starting timer
1493112337977	DeferredSave.extensions.json	DEBUG	Starting write
1493112338001	addons.repository	DEBUG	No addons.json found.
1493112338002	DeferredSave.addons.json	DEBUG	Save changes
1493112338007	DeferredSave.addons.json	DEBUG	Starting timer
1493112338114	addons.manager	DEBUG	Starting provider: PreviousExperimentProvider
1493112338115	addons.manager	DEBUG	Registering shutdown blocker for PreviousExperimentProvider
1493112338115	addons.manager	DEBUG	Provider finished startup: PreviousExperimentProvider
1493112338123	DeferredSave.addons.json	DEBUG	Starting write
1493112338159	DeferredSave.extensions.json	DEBUG	Write succeeded
1493112338230	DeferredSave.addons.json	DEBUG	Write succeeded
[GPU 792] WARNING: pipe error: 109: file c:/builds/moz2_slave/m-rel-w64-00000000000000000000/build/src/ipc/chromium/src/chrome/common/ipc_channel_win.cc, line 346

Build info: version: &#039;2.48.2&#039;, revision: &#039;41bccdd&#039;, time: &#039;2015-10-09 19:59:12&#039;
System info: host: &#039;DESKTOP-VU2BE3T&#039;, ip: &#039;192.168.43.252&#039;, os.name: &#039;Windows 10&#039;, os.arch: &#039;amd64&#039;, os.version: &#039;10.0&#039;, java.version: &#039;1.8.0_121&#039;
Driver info: driver.version: FirefoxDriver">
      <![CDATA[org.openqa.selenium.WebDriverException: Failed to connect to binary FirefoxBinary(C:\Program Files\Mozilla Firefox\firefox.exe) on port 7055; process output follows: 
4-a285-3208198ce6fd}.xpi","installDate":1492142093000,"updateDate":1492142093000,"applyBackgroundUpdates":1,"skinnable":true,"size":8201,"sourceURI":null,"releaseNotesURI":null,"softDisabled":false,"foreignInstall":false,"hasBinaryComponents":false,"strictCompatibility":true,"locales":[],"targetApplications":[{"id":"{ec8030f7-c20a-464f-9b0e-13a3a9e97384}","minVersion":"53.0","maxVersion":"53.0"}],"targetPlatforms":[],"seen":true,"dependencies":[],"hasEmbeddedWebExtension":false,"userPermissions":null}
1493112334788	addons.xpi	DEBUG	getModTime: Recursive scan of {972ce4c6-7e08-4474-a285-3208198ce6fd}
1493112334792	DeferredSave.extensions.json	DEBUG	Save changes
1493112334792	addons.xpi	DEBUG	Updating database with changes to installed add-ons
1493112334792	addons.xpi-utils	DEBUG	Updating add-on states
1493112334795	addons.xpi-utils	DEBUG	Writing add-ons list
1493112334810	addons.xpi	DEBUG	Registering manifest for C:\Program Files\Mozilla Firefox\browser\features\aushelper@mozilla.org.xpi
1493112334811	addons.xpi	DEBUG	Calling bootstrap method startup on aushelper@mozilla.org version 2.0
1493112334815	addons.xpi	DEBUG	Registering manifest for C:\Program Files\Mozilla Firefox\browser\features\e10srollout@mozilla.org.xpi
1493112334817	addons.xpi	DEBUG	Calling bootstrap method startup on e10srollout@mozilla.org version 1.14
1493112334819	addons.xpi	DEBUG	Registering manifest for C:\Program Files\Mozilla Firefox\browser\features\firefox@getpocket.com.xpi
1493112334820	addons.xpi	DEBUG	Calling bootstrap method startup on firefox@getpocket.com version 1.0.5
1493112334823	addons.xpi	DEBUG	Registering manifest for C:\Program Files\Mozilla Firefox\browser\features\webcompat@mozilla.org.xpi
1493112334826	addons.xpi	DEBUG	Calling bootstrap method startup on webcompat@mozilla.org version 1.0
1493112334832	addons.manager	DEBUG	Registering shutdown blocker for XPIProvider
1493112334833	addons.manager	DEBUG	Provider finished startup: XPIProvider
1493112334833	addons.manager	DEBUG	Starting provider: LightweightThemeManager
1493112334833	addons.manager	DEBUG	Registering shutdown blocker for LightweightThemeManager
1493112334834	addons.manager	DEBUG	Provider finished startup: LightweightThemeManager
1493112334835	addons.manager	DEBUG	Starting provider: GMPProvider
1493112334844	addons.manager	DEBUG	Registering shutdown blocker for GMPProvider
1493112334845	addons.manager	DEBUG	Provider finished startup: GMPProvider
1493112334845	addons.manager	DEBUG	Starting provider: PluginProvider
1493112334845	addons.manager	DEBUG	Registering shutdown blocker for PluginProvider
1493112334846	addons.manager	DEBUG	Provider finished startup: PluginProvider
1493112334847	addons.manager	DEBUG	Completed startup sequence
1493112337528	addons.manager	DEBUG	Starting provider: <unnamed-provider>
1493112337529	addons.manager	DEBUG	Registering shutdown blocker for <unnamed-provider>
1493112337531	addons.manager	DEBUG	Provider finished startup: <unnamed-provider>
1493112337951	DeferredSave.extensions.json	DEBUG	Write succeeded
1493112337951	addons.xpi-utils	DEBUG	XPI Database saved, setting schema version preference to 19
1493112337952	DeferredSave.extensions.json	DEBUG	Starting timer
1493112337977	DeferredSave.extensions.json	DEBUG	Starting write
1493112338001	addons.repository	DEBUG	No addons.json found.
1493112338002	DeferredSave.addons.json	DEBUG	Save changes
1493112338007	DeferredSave.addons.json	DEBUG	Starting timer
1493112338114	addons.manager	DEBUG	Starting provider: PreviousExperimentProvider
1493112338115	addons.manager	DEBUG	Registering shutdown blocker for PreviousExperimentProvider
1493112338115	addons.manager	DEBUG	Provider finished startup: PreviousExperimentProvider
1493112338123	DeferredSave.addons.json	DEBUG	Starting write
1493112338159	DeferredSave.extensions.json	DEBUG	Write succeeded
1493112338230	DeferredSave.addons.json	DEBUG	Write succeeded
[GPU 792] WARNING: pipe error: 109: file c:/builds/moz2_slave/m-rel-w64-00000000000000000000/build/src/ipc/chromium/src/chrome/common/ipc_channel_win.cc, line 346

Build info: version: '2.48.2', revision: '41bccdd', time: '2015-10-09 19:59:12'
System info: host: 'DESKTOP-VU2BE3T', ip: '192.168.43.252', os.name: 'Windows 10', os.arch: 'amd64', os.version: '10.0', java.version: '1.8.0_121'
Driver info: driver.version: FirefoxDriver
	at org.openqa.selenium.firefox.internal.NewProfileExtensionConnection.start(NewProfileExtensionConnection.java:134)
	at org.openqa.selenium.firefox.FirefoxDriver.startClient(FirefoxDriver.java:271)
	at org.openqa.selenium.remote.RemoteWebDriver.<init>(RemoteWebDriver.java:117)
	at org.openqa.selenium.firefox.FirefoxDriver.<init>(FirefoxDriver.java:218)
	at org.openqa.selenium.firefox.FirefoxDriver.<init>(FirefoxDriver.java:211)
	at org.openqa.selenium.firefox.FirefoxDriver.<init>(FirefoxDriver.java:207)
	at org.openqa.selenium.firefox.FirefoxDriver.<init>(FirefoxDriver.java:120)
	at testngprogrames.mouseoperations.openbrowser(mouseoperations.java:15)
	at sun.reflect.NativeMethodAccessorImpl.invoke0(Native Method)
	at sun.reflect.NativeMethodAccessorImpl.invoke(Unknown Source)
	at sun.reflect.DelegatingMethodAccessorImpl.invoke(Unknown Source)
	at java.lang.reflect.Method.invoke(Unknown Source)
	at org.testng.internal.MethodInvocationHelper.invokeMethod(MethodInvocationHelper.java:108)
	at org.testng.internal.Invoker.invokeConfigurationMethod(Invoker.java:523)
	at org.testng.internal.Invoker.invokeConfigurations(Invoker.java:224)
	at org.testng.internal.Invoker.invokeConfigurations(Invoker.java:146)
	at org.testng.TestRunner.beforeRun(TestRunner.java:626)
	at org.testng.TestRunner.run(TestRunner.java:594)
	at org.testng.SuiteRunner.runTest(SuiteRunner.java:380)
	at org.testng.SuiteRunner.runSequentially(SuiteRunner.java:375)
	at org.testng.SuiteRunner.privateRun(SuiteRunner.java:340)
	at org.testng.SuiteRunner.run(SuiteRunner.java:289)
	at org.testng.SuiteRunnerWorker.runSuite(SuiteRunnerWorker.java:52)
	at org.testng.SuiteRunnerWorker.run(SuiteRunnerWorker.java:86)
	at org.testng.TestNG.runSuitesSequentially(TestNG.java:1301)
	at org.testng.TestNG.runSuitesLocally(TestNG.java:1226)
	at org.testng.TestNG.runSuites(TestNG.java:1144)
	at org.testng.TestNG.run(TestNG.java:1115)
	at org.testng.remote.AbstractRemoteTestNG.run(AbstractRemoteTestNG.java:132)
	at org.testng.remote.RemoteTestNG.initAndRun(RemoteTestNG.java:230)
	at org.testng.remote.RemoteTestNG.main(RemoteTestNG.java:76)
Caused by: org.openqa.selenium.firefox.NotConnectedException: Unable to connect to host 127.0.0.1 on port 7055 after 45000 ms. Firefox console output:
4-a285-3208198ce6fd}.xpi","installDate":1492142093000,"updateDate":1492142093000,"applyBackgroundUpdates":1,"skinnable":true,"size":8201,"sourceURI":null,"releaseNotesURI":null,"softDisabled":false,"foreignInstall":false,"hasBinaryComponents":false,"strictCompatibility":true,"locales":[],"targetApplications":[{"id":"{ec8030f7-c20a-464f-9b0e-13a3a9e97384}","minVersion":"53.0","maxVersion":"53.0"}],"targetPlatforms":[],"seen":true,"dependencies":[],"hasEmbeddedWebExtension":false,"userPermissions":null}
1493112334788	addons.xpi	DEBUG	getModTime: Recursive scan of {972ce4c6-7e08-4474-a285-3208198ce6fd}
1493112334792	DeferredSave.extensions.json	DEBUG	Save changes
1493112334792	addons.xpi	DEBUG	Updating database with changes to installed add-ons
1493112334792	addons.xpi-utils	DEBUG	Updating add-on states
1493112334795	addons.xpi-utils	DEBUG	Writing add-ons list
1493112334810	addons.xpi	DEBUG	Registering manifest for C:\Program Files\Mozilla Firefox\browser\features\aushelper@mozilla.org.xpi
1493112334811	addons.xpi	DEBUG	Calling bootstrap method startup on aushelper@mozilla.org version 2.0
1493112334815	addons.xpi	DEBUG	Registering manifest for C:\Program Files\Mozilla Firefox\browser\features\e10srollout@mozilla.org.xpi
1493112334817	addons.xpi	DEBUG	Calling bootstrap method startup on e10srollout@mozilla.org version 1.14
1493112334819	addons.xpi	DEBUG	Registering manifest for C:\Program Files\Mozilla Firefox\browser\features\firefox@getpocket.com.xpi
1493112334820	addons.xpi	DEBUG	Calling bootstrap method startup on firefox@getpocket.com version 1.0.5
1493112334823	addons.xpi	DEBUG	Registering manifest for C:\Program Files\Mozilla Firefox\browser\features\webcompat@mozilla.org.xpi
1493112334826	addons.xpi	DEBUG	Calling bootstrap method startup on webcompat@mozilla.org version 1.0
1493112334832	addons.manager	DEBUG	Registering shutdown blocker for XPIProvider
1493112334833	addons.manager	DEBUG	Provider finished startup: XPIProvider
1493112334833	addons.manager	DEBUG	Starting provider: LightweightThemeManager
1493112334833	addons.manager	DEBUG	Registering shutdown blocker for LightweightThemeManager
1493112334834	addons.manager	DEBUG	Provider finished startup: LightweightThemeManager
1493112334835	addons.manager	DEBUG	Starting provider: GMPProvider
1493112334844	addons.manager	DEBUG	Registering shutdown blocker for GMPProvider
1493112334845	addons.manager	DEBUG	Provider finished startup: GMPProvider
1493112334845	addons.manager	DEBUG	Starting provider: PluginProvider
1493112334845	addons.manager	DEBUG	Registering shutdown blocker for PluginProvider
1493112334846	addons.manager	DEBUG	Provider finished startup: PluginProvider
1493112334847	addons.manager	DEBUG	Completed startup sequence
1493112337528	addons.manager	DEBUG	Starting provider: <unnamed-provider>
1493112337529	addons.manager	DEBUG	Registering shutdown blocker for <unnamed-provider>
1493112337531	addons.manager	DEBUG	Provider finished startup: <unnamed-provider>
1493112337951	DeferredSave.extensions.json	DEBUG	Write succeeded
1493112337951	addons.xpi-utils	DEBUG	XPI Database saved, setting schema version preference to 19
1493112337952	DeferredSave.extensions.json	DEBUG	Starting timer
1493112337977	DeferredSave.extensions.json	DEBUG	Starting write
1493112338001	addons.repository	DEBUG	No addons.json found.
1493112338002	DeferredSave.addons.json	DEBUG	Save changes
1493112338007	DeferredSave.addons.json	DEBUG	Starting timer
1493112338114	addons.manager	DEBUG	Starting provider: PreviousExperimentProvider
1493112338115	addons.manager	DEBUG	Registering shutdown blocker for PreviousExperimentProvider
1493112338115	addons.manager	DEBUG	Provider finished startup: PreviousExperimentProvider
1493112338123	DeferredSave.addons.json	DEBUG	Starting write
1493112338159	DeferredSave.extensions.json	DEBUG	Write succeeded
1493112338230	DeferredSave.addons.json	DEBUG	Write succeeded
[GPU 792] WARNING: pipe error: 109: file c:/builds/moz2_slave/m-rel-w64-00000000000000000000/build/src/ipc/chromium/src/chrome/common/ipc_channel_win.cc, line 346

	at org.openqa.selenium.firefox.internal.NewProfileExtensionConnection.start(NewProfileExtensionConnection.java:122)
	... 30 more
]]>
    </error>
  </testcase> <!-- openbrowser -->
</testsuite> <!-- testngprogrames.mouseoperations -->
